08-Nov-2023 07:44:34.992 INFO [main] org.apache.catalina.startup.VersionLoggerListener.log Server version name:   Apache Tomcat/8.5.95
08-Nov-2023 07:44:34.994 INFO [main] org.apache.catalina.startup.VersionLoggerListener.log Server built:          Oct 12 2023 00:55:53 UTC
08-Nov-2023 07:44:34.994 INFO [main] org.apache.catalina.startup.VersionLoggerListener.log Server version number: 8.5.95.0
08-Nov-2023 07:44:34.994 INFO [main] org.apache.catalina.startup.VersionLoggerListener.log OS Name:               Linux
08-Nov-2023 07:44:34.994 INFO [main] org.apache.catalina.startup.VersionLoggerListener.log OS Version:            5.15.0-88-generic
08-Nov-2023 07:44:34.994 INFO [main] org.apache.catalina.startup.VersionLoggerListener.log Architecture:          amd64
08-Nov-2023 07:44:34.994 INFO [main] org.apache.catalina.startup.VersionLoggerListener.log Java Home:             /usr/lib/jvm/java-19-openjdk-amd64
08-Nov-2023 07:44:34.994 INFO [main] org.apache.catalina.startup.VersionLoggerListener.log JVM Version:           19.0.2+7-Ubuntu-0ubuntu322.04
08-Nov-2023 07:44:34.994 INFO [main] org.apache.catalina.startup.VersionLoggerListener.log JVM Vendor:            Private Build
08-Nov-2023 07:44:34.994 INFO [main] org.apache.catalina.startup.VersionLoggerListener.log CATALINA_BASE:         /opt/tomcat
08-Nov-2023 07:44:34.994 INFO [main] org.apache.catalina.startup.VersionLoggerListener.log CATALINA_HOME:         /opt/tomcat
08-Nov-2023 07:44:34.996 INFO [main] org.apache.catalina.startup.VersionLoggerListener.log Command line argument: --add-opens=java.base/java.lang=ALL-UNNAMED
08-Nov-2023 07:44:34.996 INFO [main] org.apache.catalina.startup.VersionLoggerListener.log Command line argument: --add-opens=java.base/java.io=ALL-UNNAMED
08-Nov-2023 07:44:34.996 INFO [main] org.apache.catalina.startup.VersionLoggerListener.log Command line argument: --add-opens=java.base/java.util=ALL-UNNAMED
08-Nov-2023 07:44:34.996 INFO [main] org.apache.catalina.startup.VersionLoggerListener.log Command line argument: --add-opens=java.base/java.util.concurrent=ALL-UNNAMED
08-Nov-2023 07:44:34.996 INFO [main] org.apache.catalina.startup.VersionLoggerListener.log Command line argument: --add-opens=java.rmi/sun.rmi.transport=ALL-UNNAMED
08-Nov-2023 07:44:34.996 INFO [main] org.apache.catalina.startup.VersionLoggerListener.log Command line argument: -Djava.util.logging.config.file=/opt/tomcat/conf/logging.properties
08-Nov-2023 07:44:34.996 INFO [main] org.apache.catalina.startup.VersionLoggerListener.log Command line argument: -Djava.util.logging.manager=org.apache.juli.ClassLoaderLogManager
08-Nov-2023 07:44:34.996 INFO [main] org.apache.catalina.startup.VersionLoggerListener.log Command line argument: -Djdk.tls.ephemeralDHKeySize=2048
08-Nov-2023 07:44:34.996 INFO [main] org.apache.catalina.startup.VersionLoggerListener.log Command line argument: -Djava.protocol.handler.pkgs=org.apache.catalina.webresources
08-Nov-2023 07:44:34.996 INFO [main] org.apache.catalina.startup.VersionLoggerListener.log Command line argument: -Dorg.apache.catalina.security.SecurityListener.UMASK=0027
08-Nov-2023 07:44:34.996 INFO [main] org.apache.catalina.startup.VersionLoggerListener.log Command line argument: -Dignore.endorsed.dirs=
08-Nov-2023 07:44:34.997 INFO [main] org.apache.catalina.startup.VersionLoggerListener.log Command line argument: -Dcatalina.base=/opt/tomcat
08-Nov-2023 07:44:34.997 INFO [main] org.apache.catalina.startup.VersionLoggerListener.log Command line argument: -Dcatalina.home=/opt/tomcat
08-Nov-2023 07:44:34.997 INFO [main] org.apache.catalina.startup.VersionLoggerListener.log Command line argument: -Djava.io.tmpdir=/opt/tomcat/temp
