NOTE: Picked up JDK_JAVA_OPTIONS:  --add-opens=java.base/java.lang=ALL-UNNAMED --add-opens=java.base/java.io=ALL-UNNAMED --add-opens=java.base/java.util=ALL-UNNAMED --add-opens=java.base/java.util.concurrent=ALL-UNNAMED --add-opens=java.rmi/sun.rmi.transport=ALL-UNNAMED
Nov 07, 2023 7:39:09 AM org.apache.catalina.startup.Catalina load
WARNING: Unable to load server configuration from [/opt/tomcat/conf/server.xml]
Nov 07, 2023 7:39:09 AM org.apache.catalina.startup.Catalina start
SEVERE: Cannot start server. Server instance is not configured.
NOTE: Picked up JDK_JAVA_OPTIONS:  --add-opens=java.base/java.lang=ALL-UNNAMED --add-opens=java.base/java.io=ALL-UNNAMED --add-opens=java.base/java.util=ALL-UNNAMED --add-opens=java.base/java.util.concurrent=ALL-UNNAMED --add-opens=java.rmi/sun.rmi.transport=ALL-UNNAMED
07-Nov-2023 07:43:16.353 INFO [main] org.apache.catalina.startup.VersionLoggerListener.log Server version name:   Apache Tomcat/8.5.95
07-Nov-2023 07:43:16.355 INFO [main] org.apache.catalina.startup.VersionLoggerListener.log Server built:          Oct 12 2023 00:55:53 UTC
07-Nov-2023 07:43:16.356 INFO [main] org.apache.catalina.startup.VersionLoggerListener.log Server version number: 8.5.95.0
07-Nov-2023 07:43:16.356 INFO [main] org.apache.catalina.startup.VersionLoggerListener.log OS Name:               Linux
07-Nov-2023 07:43:16.356 INFO [main] org.apache.catalina.startup.VersionLoggerListener.log OS Version:            5.15.0-88-generic
07-Nov-2023 07:43:16.356 INFO [main] org.apache.catalina.startup.VersionLoggerListener.log Architecture:          amd64
07-Nov-2023 07:43:16.356 INFO [main] org.apache.catalina.startup.VersionLoggerListener.log Java Home:             /usr/lib/jvm/java-19-openjdk-amd64
07-Nov-2023 07:43:16.356 INFO [main] org.apache.catalina.startup.VersionLoggerListener.log JVM Version:           19.0.2+7-Ubuntu-0ubuntu322.04
07-Nov-2023 07:43:16.356 INFO [main] org.apache.catalina.startup.VersionLoggerListener.log JVM Vendor:            Private Build
07-Nov-2023 07:43:16.356 INFO [main] org.apache.catalina.startup.VersionLoggerListener.log CATALINA_BASE:         /opt/tomcat
07-Nov-2023 07:43:16.356 INFO [main] org.apache.catalina.startup.VersionLoggerListener.log CATALINA_HOME:         /opt/tomcat
07-Nov-2023 07:43:16.358 INFO [main] org.apache.catalina.startup.VersionLoggerListener.log Command line argument: --add-opens=java.base/java.lang=ALL-UNNAMED
07-Nov-2023 07:43:16.358 INFO [main] org.apache.catalina.startup.VersionLoggerListener.log Command line argument: --add-opens=java.base/java.io=ALL-UNNAMED
07-Nov-2023 07:43:16.358 INFO [main] org.apache.catalina.startup.VersionLoggerListener.log Command line argument: --add-opens=java.base/java.util=ALL-UNNAMED
07-Nov-2023 07:43:16.358 INFO [main] org.apache.catalina.startup.VersionLoggerListener.log Command line argument: --add-opens=java.base/java.util.concurrent=ALL-UNNAMED
07-Nov-2023 07:43:16.359 INFO [main] org.apache.catalina.startup.VersionLoggerListener.log Command line argument: --add-opens=java.rmi/sun.rmi.transport=ALL-UNNAMED
07-Nov-2023 07:43:16.359 INFO [main] org.apache.catalina.startup.VersionLoggerListener.log Command line argument: -Djava.util.logging.config.file=/opt/tomcat/conf/logging.properties
07-Nov-2023 07:43:16.359 INFO [main] org.apache.catalina.startup.VersionLoggerListener.log Command line argument: -Djava.util.logging.manager=org.apache.juli.ClassLoaderLogManager
07-Nov-2023 07:43:16.359 INFO [main] org.apache.catalina.startup.VersionLoggerListener.log Command line argument: -Djdk.tls.ephemeralDHKeySize=2048
07-Nov-2023 07:43:16.359 INFO [main] org.apache.catalina.startup.VersionLoggerListener.log Command line argument: -Djava.protocol.handler.pkgs=org.apache.catalina.webresources
07-Nov-2023 07:43:16.359 INFO [main] org.apache.catalina.startup.VersionLoggerListener.log Command line argument: -Dorg.apache.catalina.security.SecurityListener.UMASK=0027
07-Nov-2023 07:43:16.359 INFO [main] org.apache.catalina.startup.VersionLoggerListener.log Command line argument: -Dignore.endorsed.dirs=
07-Nov-2023 07:43:16.359 INFO [main] org.apache.catalina.startup.VersionLoggerListener.log Command line argument: -Dcatalina.base=/opt/tomcat
07-Nov-2023 07:43:16.359 INFO [main] org.apache.catalina.startup.VersionLoggerListener.log Command line argument: -Dcatalina.home=/opt/tomcat
07-Nov-2023 07:43:16.359 INFO [main] org.apache.catalina.startup.VersionLoggerListener.log Command line argument: -Djava.io.tmpdir=/opt/tomcat/temp
07-Nov-2023 07:43:16.359 INFO [main] org.apache.catalina.core.AprLifecycleListener.lifecycleEvent The Apache Tomcat Native library which allows using OpenSSL was not found on the java.library.path: [/usr/java/packages/lib:/usr/lib/x86_64-linux-gnu/jni:/lib/x86_64-linux-gnu:/usr/lib/x86_64-linux-gnu:/usr/lib/jni:/lib:/usr/lib]
07-Nov-2023 07:43:16.391 INFO [main] org.apache.coyote.AbstractProtocol.init Initializing ProtocolHandler ["http-nio-8080"]
07-Nov-2023 07:43:16.419 INFO [main] org.apache.catalina.startup.Catalina.load Initialization processed in 414 ms
07-Nov-2023 07:43:16.455 INFO [main] org.apache.catalina.core.StandardService.startInternal Starting service [Catalina]
07-Nov-2023 07:43:16.455 INFO [main] org.apache.catalina.core.StandardEngine.startInternal Starting Servlet engine: [Apache Tomcat/8.5.95]
07-Nov-2023 07:43:16.458 SEVERE [Catalina-startStop-1] org.apache.catalina.startup.HostConfig.beforeStart Unable to create directory for deployment: [/opt/tomcat/conf/Catalina/localhost]
07-Nov-2023 07:43:16.462 INFO [localhost-startStop-1] org.apache.catalina.startup.HostConfig.deployDirectory Deploying web application directory [/opt/tomcat/webapps/host-manager]
07-Nov-2023 07:43:16.630 INFO [localhost-startStop-1] org.apache.catalina.startup.HostConfig.deployDirectory Deployment of web application directory [/opt/tomcat/webapps/host-manager] has finished in [167] ms
07-Nov-2023 07:43:16.630 INFO [localhost-startStop-1] org.apache.catalina.startup.HostConfig.deployDirectory Deploying web application directory [/opt/tomcat/webapps/docs]
07-Nov-2023 07:43:16.639 INFO [localhost-startStop-1] org.apache.catalina.startup.HostConfig.deployDirectory Deployment of web application directory [/opt/tomcat/webapps/docs] has finished in [9] ms
07-Nov-2023 07:43:16.639 INFO [localhost-startStop-1] org.apache.catalina.startup.HostConfig.deployDirectory Deploying web application directory [/opt/tomcat/webapps/examples]
07-Nov-2023 07:43:16.804 INFO [localhost-startStop-1] org.apache.catalina.startup.HostConfig.deployDirectory Deployment of web application directory [/opt/tomcat/webapps/examples] has finished in [165] ms
07-Nov-2023 07:43:16.804 INFO [localhost-startStop-1] org.apache.catalina.startup.HostConfig.deployDirectory Deploying web application directory [/opt/tomcat/webapps/manager]
07-Nov-2023 07:43:16.812 INFO [localhost-startStop-1] org.apache.catalina.startup.HostConfig.deployDirectory Deployment of web application directory [/opt/tomcat/webapps/manager] has finished in [8] ms
07-Nov-2023 07:43:16.813 INFO [localhost-startStop-1] org.apache.catalina.startup.HostConfig.deployDirectory Deploying web application directory [/opt/tomcat/webapps/ROOT]
07-Nov-2023 07:43:16.818 INFO [localhost-startStop-1] org.apache.catalina.startup.HostConfig.deployDirectory Deployment of web application directory [/opt/tomcat/webapps/ROOT] has finished in [6] ms
07-Nov-2023 07:43:16.820 INFO [main] org.apache.coyote.AbstractProtocol.start Starting ProtocolHandler ["http-nio-8080"]
07-Nov-2023 07:43:16.838 INFO [main] org.apache.catalina.startup.Catalina.start Server startup in 418 ms
07-Nov-2023 07:45:27.139 INFO [main] org.apache.catalina.core.StandardServer.await A valid shutdown command was received via the shutdown port. Stopping the Server instance.
07-Nov-2023 07:45:27.139 INFO [main] org.apache.coyote.AbstractProtocol.pause Pausing ProtocolHandler ["http-nio-8080"]
07-Nov-2023 07:45:27.141 INFO [main] org.apache.catalina.core.StandardService.stopInternal Stopping service [Catalina]
NOTE: Picked up JDK_JAVA_OPTIONS:  --add-opens=java.base/java.lang=ALL-UNNAMED --add-opens=java.base/java.io=ALL-UNNAMED --add-opens=java.base/java.util=ALL-UNNAMED --add-opens=java.base/java.util.concurrent=ALL-UNNAMED --add-opens=java.rmi/sun.rmi.transport=ALL-UNNAMED
NOTE: Picked up JDK_JAVA_OPTIONS:  --add-opens=java.base/java.lang=ALL-UNNAMED --add-opens=java.base/java.io=ALL-UNNAMED --add-opens=java.base/java.util=ALL-UNNAMED --add-opens=java.base/java.util.concurrent=ALL-UNNAMED --add-opens=java.rmi/sun.rmi.transport=ALL-UNNAMED
07:57:59.884 [localhost-startStop-1] INFO  o.a.g.environment.LocalEnvironment - GUACAMOLE_HOME is "/etc/guacamole".
07:57:59.935 [localhost-startStop-1] INFO  o.a.g.GuacamoleServletContextListener - Read configuration parameters from "/etc/guacamole/guacamole.properties".
07:57:59.936 [localhost-startStop-1] INFO  o.a.g.rest.auth.HashTokenSessionMap - Sessions will expire after 60 minutes of inactivity.
07:58:00.006 [localhost-startStop-1] INFO  org.apache.guacamole.log.LogModule - Loading logback configuration from "/etc/guacamole/logback.xml".
07:58:00.074 [localhost-startStop-1] DEBUG o.a.g.e.LanguageResourceService - Added language: "ko"
07:58:00.074 [localhost-startStop-1] DEBUG o.a.g.e.LanguageResourceService - Added language: "zh"
07:58:00.074 [localhost-startStop-1] DEBUG o.a.g.e.LanguageResourceService - Added language: "pt"
07:58:00.074 [localhost-startStop-1] DEBUG o.a.g.e.LanguageResourceService - Added language: "ru"
07:58:00.075 [localhost-startStop-1] DEBUG o.a.g.e.LanguageResourceService - Added language: "ja"
07:58:00.075 [localhost-startStop-1] DEBUG o.a.g.e.LanguageResourceService - Added language: "de"
07:58:00.075 [localhost-startStop-1] DEBUG o.a.g.e.LanguageResourceService - Added language: "es"
07:58:00.075 [localhost-startStop-1] DEBUG o.a.g.e.LanguageResourceService - Added language: "cs"
07:58:00.075 [localhost-startStop-1] DEBUG o.a.g.e.LanguageResourceService - Added language: "nl"
07:58:00.075 [localhost-startStop-1] DEBUG o.a.g.e.LanguageResourceService - Added language: "en"
07:58:00.075 [localhost-startStop-1] DEBUG o.a.g.e.LanguageResourceService - Added language: "fr"
07:58:00.075 [localhost-startStop-1] DEBUG o.a.g.e.LanguageResourceService - Added language: "ca"
07:58:00.075 [localhost-startStop-1] DEBUG o.a.g.e.LanguageResourceService - Added language: "no"
07:58:00.075 [localhost-startStop-1] DEBUG o.a.g.e.LanguageResourceService - Added language: "it"
07:58:00.075 [localhost-startStop-1] DEBUG o.a.g.extension.ExtensionModule - [0] Binding AuthenticationProvider "org.apache.guacamole.auth.file.FileAuthenticationProvider".
07:58:00.140 [localhost-startStop-1] INFO  o.a.g.t.w.WebSocketTunnelModule - Loading JSR-356 WebSocket support...
07:58:00.148 [localhost-startStop-1] DEBUG o.a.guacamole.tunnel.TunnelModule - WebSocket module loaded: org.apache.guacamole.tunnel.websocket.WebSocketTunnelModule
07:58:00.425 [localhost-startStop-1] WARN  o.g.jersey.server.wadl.WadlFeature - JAXBContext implementation could not be found. WADL feature is disabled.
07:58:15.865 [http-nio-8080-exec-6] DEBUG o.a.g.a.f.FileAuthenticationProvider - Reading user mapping file: "/etc/guacamole/user-mapping.xml"
07:58:15.878 [http-nio-8080-exec-6] DEBUG o.a.g.r.auth.AuthenticationService - Anonymous authentication attempt from 192.168.101.1 failed.
07:58:15.882 [http-nio-8080-exec-6] DEBUG o.a.g.rest.RESTExceptionMapper - Client request rejected: Permission Denied.
NOTE: Picked up JDK_JAVA_OPTIONS:  --add-opens=java.base/java.lang=ALL-UNNAMED --add-opens=java.base/java.io=ALL-UNNAMED --add-opens=java.base/java.util=ALL-UNNAMED --add-opens=java.base/java.util.concurrent=ALL-UNNAMED --add-opens=java.rmi/sun.rmi.transport=ALL-UNNAMED
07:58:39.996 [localhost-startStop-1] INFO  o.a.g.environment.LocalEnvironment - GUACAMOLE_HOME is "/etc/guacamole".
07:58:40.033 [localhost-startStop-1] INFO  o.a.g.GuacamoleServletContextListener - Read configuration parameters from "/etc/guacamole/guacamole.properties".
07:58:40.033 [localhost-startStop-1] INFO  o.a.g.rest.auth.HashTokenSessionMap - Sessions will expire after 60 minutes of inactivity.
07:58:40.085 [localhost-startStop-1] INFO  org.apache.guacamole.log.LogModule - Loading logback configuration from "/etc/guacamole/logback.xml".
07:58:40.130 [localhost-startStop-1] DEBUG o.a.g.e.LanguageResourceService - Added language: "ko"
07:58:40.130 [localhost-startStop-1] DEBUG o.a.g.e.LanguageResourceService - Added language: "zh"
07:58:40.130 [localhost-startStop-1] DEBUG o.a.g.e.LanguageResourceService - Added language: "pt"
07:58:40.130 [localhost-startStop-1] DEBUG o.a.g.e.LanguageResourceService - Added language: "ru"
07:58:40.130 [localhost-startStop-1] DEBUG o.a.g.e.LanguageResourceService - Added language: "ja"
07:58:40.130 [localhost-startStop-1] DEBUG o.a.g.e.LanguageResourceService - Added language: "de"
07:58:40.130 [localhost-startStop-1] DEBUG o.a.g.e.LanguageResourceService - Added language: "es"
07:58:40.130 [localhost-startStop-1] DEBUG o.a.g.e.LanguageResourceService - Added language: "cs"
07:58:40.130 [localhost-startStop-1] DEBUG o.a.g.e.LanguageResourceService - Added language: "nl"
07:58:40.130 [localhost-startStop-1] DEBUG o.a.g.e.LanguageResourceService - Added language: "en"
07:58:40.130 [localhost-startStop-1] DEBUG o.a.g.e.LanguageResourceService - Added language: "fr"
07:58:40.130 [localhost-startStop-1] DEBUG o.a.g.e.LanguageResourceService - Added language: "ca"
07:58:40.130 [localhost-startStop-1] DEBUG o.a.g.e.LanguageResourceService - Added language: "no"
07:58:40.130 [localhost-startStop-1] DEBUG o.a.g.e.LanguageResourceService - Added language: "it"
07:58:40.131 [localhost-startStop-1] DEBUG o.a.g.extension.ExtensionModule - [0] Binding AuthenticationProvider "org.apache.guacamole.auth.file.FileAuthenticationProvider".
07:58:40.187 [localhost-startStop-1] INFO  o.a.g.t.w.WebSocketTunnelModule - Loading JSR-356 WebSocket support...
07:58:40.194 [localhost-startStop-1] DEBUG o.a.guacamole.tunnel.TunnelModule - WebSocket module loaded: org.apache.guacamole.tunnel.websocket.WebSocketTunnelModule
07:58:40.474 [localhost-startStop-1] WARN  o.g.jersey.server.wadl.WadlFeature - JAXBContext implementation could not be found. WADL feature is disabled.
07:58:42.806 [http-nio-8080-exec-4] DEBUG o.a.g.a.f.FileAuthenticationProvider - Reading user mapping file: "/etc/guacamole/user-mapping.xml"
07:58:42.819 [http-nio-8080-exec-4] DEBUG o.a.g.r.auth.AuthenticationService - Anonymous authentication attempt from 192.168.101.1 failed.
07:58:42.823 [http-nio-8080-exec-4] DEBUG o.a.g.rest.RESTExceptionMapper - Client request rejected: Permission Denied.
07:59:40.034 [pool-1-thread-1] DEBUG o.a.g.rest.auth.HashTokenSessionMap - Checking for expired sessions...
07:59:40.034 [pool-1-thread-1] DEBUG o.a.g.rest.auth.HashTokenSessionMap - Session check completed in 0 ms.
08:00:40.034 [pool-1-thread-1] DEBUG o.a.g.rest.auth.HashTokenSessionMap - Checking for expired sessions...
08:00:40.034 [pool-1-thread-1] DEBUG o.a.g.rest.auth.HashTokenSessionMap - Session check completed in 0 ms.
08:01:25.092 [http-nio-8080-exec-6] DEBUG o.a.g.r.auth.AuthenticationService - Anonymous authentication attempt from 192.168.101.1 failed.
08:01:25.092 [http-nio-8080-exec-6] DEBUG o.a.g.rest.RESTExceptionMapper - Client request rejected: Permission Denied.
08:01:40.034 [pool-1-thread-1] DEBUG o.a.g.rest.auth.HashTokenSessionMap - Checking for expired sessions...
08:01:40.035 [pool-1-thread-1] DEBUG o.a.g.rest.auth.HashTokenSessionMap - Session check completed in 1 ms.
08:02:40.034 [pool-1-thread-1] DEBUG o.a.g.rest.auth.HashTokenSessionMap - Checking for expired sessions...
08:02:40.034 [pool-1-thread-1] DEBUG o.a.g.rest.auth.HashTokenSessionMap - Session check completed in 0 ms.
08:03:40.034 [pool-1-thread-1] DEBUG o.a.g.rest.auth.HashTokenSessionMap - Checking for expired sessions...
08:03:40.034 [pool-1-thread-1] DEBUG o.a.g.rest.auth.HashTokenSessionMap - Session check completed in 0 ms.
NOTE: Picked up JDK_JAVA_OPTIONS:  --add-opens=java.base/java.lang=ALL-UNNAMED --add-opens=java.base/java.io=ALL-UNNAMED --add-opens=java.base/java.util=ALL-UNNAMED --add-opens=java.base/java.util.concurrent=ALL-UNNAMED --add-opens=java.rmi/sun.rmi.transport=ALL-UNNAMED
08:04:53.694 [localhost-startStop-1] INFO  o.a.g.environment.LocalEnvironment - GUACAMOLE_HOME is "/etc/guacamole".
08:04:53.749 [localhost-startStop-1] INFO  o.a.g.GuacamoleServletContextListener - Read configuration parameters from "/etc/guacamole/guacamole.properties".
08:04:53.750 [localhost-startStop-1] INFO  o.a.g.rest.auth.HashTokenSessionMap - Sessions will expire after 60 minutes of inactivity.
08:04:53.812 [localhost-startStop-1] INFO  org.apache.guacamole.log.LogModule - Loading logback configuration from "/etc/guacamole/logback.xml".
08:04:53.891 [localhost-startStop-1] DEBUG o.a.g.e.LanguageResourceService - Added language: "ko"
08:04:53.891 [localhost-startStop-1] DEBUG o.a.g.e.LanguageResourceService - Added language: "zh"
08:04:53.891 [localhost-startStop-1] DEBUG o.a.g.e.LanguageResourceService - Added language: "pt"
08:04:53.891 [localhost-startStop-1] DEBUG o.a.g.e.LanguageResourceService - Added language: "ru"
08:04:53.891 [localhost-startStop-1] DEBUG o.a.g.e.LanguageResourceService - Added language: "ja"
08:04:53.891 [localhost-startStop-1] DEBUG o.a.g.e.LanguageResourceService - Added language: "de"
08:04:53.891 [localhost-startStop-1] DEBUG o.a.g.e.LanguageResourceService - Added language: "es"
08:04:53.891 [localhost-startStop-1] DEBUG o.a.g.e.LanguageResourceService - Added language: "cs"
08:04:53.891 [localhost-startStop-1] DEBUG o.a.g.e.LanguageResourceService - Added language: "nl"
08:04:53.891 [localhost-startStop-1] DEBUG o.a.g.e.LanguageResourceService - Added language: "en"
08:04:53.891 [localhost-startStop-1] DEBUG o.a.g.e.LanguageResourceService - Added language: "fr"
08:04:53.891 [localhost-startStop-1] DEBUG o.a.g.e.LanguageResourceService - Added language: "ca"
08:04:53.891 [localhost-startStop-1] DEBUG o.a.g.e.LanguageResourceService - Added language: "no"
08:04:53.892 [localhost-startStop-1] DEBUG o.a.g.e.LanguageResourceService - Added language: "it"
08:04:53.892 [localhost-startStop-1] DEBUG o.a.g.extension.ExtensionModule - [0] Binding AuthenticationProvider "org.apache.guacamole.auth.file.FileAuthenticationProvider".
08:04:53.993 [localhost-startStop-1] INFO  o.a.g.t.w.WebSocketTunnelModule - Loading JSR-356 WebSocket support...
08:04:54.001 [localhost-startStop-1] DEBUG o.a.guacamole.tunnel.TunnelModule - WebSocket module loaded: org.apache.guacamole.tunnel.websocket.WebSocketTunnelModule
08:04:54.275 [localhost-startStop-1] WARN  o.g.jersey.server.wadl.WadlFeature - JAXBContext implementation could not be found. WADL feature is disabled.
08:04:55.356 [http-nio-8080-exec-5] DEBUG o.a.g.a.f.FileAuthenticationProvider - Reading user mapping file: "/etc/guacamole/user-mapping.xml"
08:04:55.359 [http-nio-8080-exec-5] DEBUG o.a.g.r.auth.AuthenticationService - Anonymous authentication attempt from 192.168.101.1 failed.
08:04:55.361 [http-nio-8080-exec-5] DEBUG o.a.g.rest.RESTExceptionMapper - Client request rejected: Permission Denied.
08:05:53.752 [pool-1-thread-1] DEBUG o.a.g.rest.auth.HashTokenSessionMap - Checking for expired sessions...
08:05:53.752 [pool-1-thread-1] DEBUG o.a.g.rest.auth.HashTokenSessionMap - Session check completed in 0 ms.
08:06:53.751 [pool-1-thread-1] DEBUG o.a.g.rest.auth.HashTokenSessionMap - Checking for expired sessions...
08:06:53.751 [pool-1-thread-1] DEBUG o.a.g.rest.auth.HashTokenSessionMap - Session check completed in 0 ms.
08:07:53.751 [pool-1-thread-1] DEBUG o.a.g.rest.auth.HashTokenSessionMap - Checking for expired sessions...
08:07:53.752 [pool-1-thread-1] DEBUG o.a.g.rest.auth.HashTokenSessionMap - Session check completed in 1 ms.
08:08:53.751 [pool-1-thread-1] DEBUG o.a.g.rest.auth.HashTokenSessionMap - Checking for expired sessions...
08:08:53.752 [pool-1-thread-1] DEBUG o.a.g.rest.auth.HashTokenSessionMap - Session check completed in 1 ms.
08:09:53.751 [pool-1-thread-1] DEBUG o.a.g.rest.auth.HashTokenSessionMap - Checking for expired sessions...
08:09:53.751 [pool-1-thread-1] DEBUG o.a.g.rest.auth.HashTokenSessionMap - Session check completed in 0 ms.
08:10:50.114 [http-nio-8080-exec-7] INFO  o.a.g.r.auth.AuthenticationService - User "tbarbay" successfully authenticated from 192.168.101.1.
08:10:50.119 [http-nio-8080-exec-7] DEBUG o.a.g.r.auth.AuthenticationService - Login was successful for user "tbarbay".
08:10:50.246 [http-nio-8080-exec-4] DEBUG o.a.g.net.InetGuacamoleSocket - Connecting to guacd at localhost:4822.
08:10:50.315 [http-nio-8080-exec-4] INFO  o.a.g.tunnel.TunnelRequestService - User "tbarbay" connected to connection "tbarbay Ubuntu SSH".
08:10:50.338 [http-nio-8080-exec-1] DEBUG o.a.g.rest.RESTExceptionMapper - Client request rejected: No readable active connection for tunnel.
08:10:53.751 [pool-1-thread-1] DEBUG o.a.g.rest.auth.HashTokenSessionMap - Checking for expired sessions...
08:10:53.751 [pool-1-thread-1] DEBUG o.a.g.rest.auth.HashTokenSessionMap - Session check completed in 0 ms.
08:11:04.043 [http-nio-8080-exec-5] DEBUG o.a.g.rest.RESTExceptionMapper - Client request rejected: No readable active connection for tunnel.
08:11:11.394 [http-nio-8080-exec-5] INFO  o.a.g.tunnel.TunnelRequestService - User "tbarbay" disconnected from connection "tbarbay Ubuntu SSH". Duration: 21078 milliseconds
08:11:11.394 [http-nio-8080-exec-5] DEBUG o.a.g.net.InetGuacamoleSocket - Closing socket to guacd.
08:11:11.397 [Thread-2] DEBUG o.a.g.w.GuacamoleWebSocketTunnelEndpoint - Connection to guacd closed.
org.apache.guacamole.GuacamoleConnectionClosedException: Connection to guacd is closed.
	at org.apache.guacamole.io.ReaderGuacamoleReader.read(ReaderGuacamoleReader.java:183)
	at org.apache.guacamole.io.ReaderGuacamoleReader.readInstruction(ReaderGuacamoleReader.java:195)
	at org.apache.guacamole.protocol.FilteredGuacamoleReader.readInstruction(FilteredGuacamoleReader.java:80)
	at org.apache.guacamole.protocol.FilteredGuacamoleReader.readInstruction(FilteredGuacamoleReader.java:80)
	at org.apache.guacamole.protocol.FilteredGuacamoleReader.read(FilteredGuacamoleReader.java:63)
	at org.apache.guacamole.websocket.GuacamoleWebSocketTunnelEndpoint$2.run(GuacamoleWebSocketTunnelEndpoint.java:246)
Caused by: java.net.SocketException: Socket closed
	at java.base/sun.nio.ch.NioSocketImpl.endRead(NioSocketImpl.java:238)
	at java.base/sun.nio.ch.NioSocketImpl.implRead(NioSocketImpl.java:317)
	at java.base/sun.nio.ch.NioSocketImpl.read(NioSocketImpl.java:340)
	at java.base/sun.nio.ch.NioSocketImpl$1.read(NioSocketImpl.java:789)
	at java.base/java.net.Socket$SocketInputStream.read(Socket.java:1025)
	at java.base/sun.nio.cs.StreamDecoder.readBytes(StreamDecoder.java:333)
	at java.base/sun.nio.cs.StreamDecoder.implRead(StreamDecoder.java:376)
	at java.base/sun.nio.cs.StreamDecoder.lockedRead(StreamDecoder.java:219)
	at java.base/sun.nio.cs.StreamDecoder.read(StreamDecoder.java:173)
	at java.base/java.io.InputStreamReader.read(InputStreamReader.java:189)
	at org.apache.guacamole.io.ReaderGuacamoleReader.read(ReaderGuacamoleReader.java:169)
	... 5 common frames omitted
08:11:16.432 [http-nio-8080-exec-7] DEBUG o.a.g.r.auth.AuthenticationService - Anonymous authentication attempt from 192.168.101.1 failed.
08:11:16.432 [http-nio-8080-exec-7] DEBUG o.a.g.rest.RESTExceptionMapper - Client request rejected: Permission Denied.
08:11:53.600 [http-nio-8080-exec-1] DEBUG o.a.g.a.f.FileAuthenticationProvider - Reading user mapping file: "/etc/guacamole/user-mapping.xml"
08:11:53.604 [http-nio-8080-exec-1] INFO  o.a.g.r.auth.AuthenticationService - User "tbarbay" successfully authenticated from 192.168.101.1.
08:11:53.604 [http-nio-8080-exec-1] DEBUG o.a.g.r.auth.AuthenticationService - Login was successful for user "tbarbay".
08:11:53.643 [http-nio-8080-exec-4] DEBUG o.a.g.net.InetGuacamoleSocket - Connecting to guacd at localhost:4822.
08:11:53.690 [http-nio-8080-exec-4] INFO  o.a.g.tunnel.TunnelRequestService - User "tbarbay" connected to connection "tbarbay Ubuntu SSH".
08:11:53.695 [http-nio-8080-exec-4] DEBUG o.a.g.rest.RESTExceptionMapper - Client request rejected: No readable active connection for tunnel.
08:11:53.751 [pool-1-thread-1] DEBUG o.a.g.rest.auth.HashTokenSessionMap - Checking for expired sessions...
08:11:53.752 [pool-1-thread-1] DEBUG o.a.g.rest.auth.HashTokenSessionMap - Session check completed in 1 ms.
08:12:53.751 [pool-1-thread-1] DEBUG o.a.g.rest.auth.HashTokenSessionMap - Checking for expired sessions...
08:12:53.751 [pool-1-thread-1] DEBUG o.a.g.rest.auth.HashTokenSessionMap - Session check completed in 0 ms.
08:13:53.751 [pool-1-thread-1] DEBUG o.a.g.rest.auth.HashTokenSessionMap - Checking for expired sessions...
08:13:53.752 [pool-1-thread-1] DEBUG o.a.g.rest.auth.HashTokenSessionMap - Session check completed in 1 ms.
NOTE: Picked up JDK_JAVA_OPTIONS:  --add-opens=java.base/java.lang=ALL-UNNAMED --add-opens=java.base/java.io=ALL-UNNAMED --add-opens=java.base/java.util=ALL-UNNAMED --add-opens=java.base/java.util.concurrent=ALL-UNNAMED --add-opens=java.rmi/sun.rmi.transport=ALL-UNNAMED
NOTE: Picked up JDK_JAVA_OPTIONS:  --add-opens=java.base/java.lang=ALL-UNNAMED --add-opens=java.base/java.io=ALL-UNNAMED --add-opens=java.base/java.util=ALL-UNNAMED --add-opens=java.base/java.util.concurrent=ALL-UNNAMED --add-opens=java.rmi/sun.rmi.transport=ALL-UNNAMED
NOTE: Picked up JDK_JAVA_OPTIONS:  --add-opens=java.base/java.lang=ALL-UNNAMED --add-opens=java.base/java.io=ALL-UNNAMED --add-opens=java.base/java.util=ALL-UNNAMED --add-opens=java.base/java.util.concurrent=ALL-UNNAMED --add-opens=java.rmi/sun.rmi.transport=ALL-UNNAMED
NOTE: Picked up JDK_JAVA_OPTIONS:  --add-opens=java.base/java.lang=ALL-UNNAMED --add-opens=java.base/java.io=ALL-UNNAMED --add-opens=java.base/java.util=ALL-UNNAMED --add-opens=java.base/java.util.concurrent=ALL-UNNAMED --add-opens=java.rmi/sun.rmi.transport=ALL-UNNAMED
NOTE: Picked up JDK_JAVA_OPTIONS:  --add-opens=java.base/java.lang=ALL-UNNAMED --add-opens=java.base/java.io=ALL-UNNAMED --add-opens=java.base/java.util=ALL-UNNAMED --add-opens=java.base/java.util.concurrent=ALL-UNNAMED --add-opens=java.rmi/sun.rmi.transport=ALL-UNNAMED
NOTE: Picked up JDK_JAVA_OPTIONS:  --add-opens=java.base/java.lang=ALL-UNNAMED --add-opens=java.base/java.io=ALL-UNNAMED --add-opens=java.base/java.util=ALL-UNNAMED --add-opens=java.base/java.util.concurrent=ALL-UNNAMED --add-opens=java.rmi/sun.rmi.transport=ALL-UNNAMED
NOTE: Picked up JDK_JAVA_OPTIONS:  --add-opens=java.base/java.lang=ALL-UNNAMED --add-opens=java.base/java.io=ALL-UNNAMED --add-opens=java.base/java.util=ALL-UNNAMED --add-opens=java.base/java.util.concurrent=ALL-UNNAMED --add-opens=java.rmi/sun.rmi.transport=ALL-UNNAMED
15:55:14.257 [localhost-startStop-1] INFO  o.a.g.environment.LocalEnvironment - GUACAMOLE_HOME is "/etc/guacamole".
15:55:14.302 [localhost-startStop-1] INFO  o.a.g.GuacamoleServletContextListener - Read configuration parameters from "/etc/guacamole/guacamole.properties".
15:55:14.304 [localhost-startStop-1] INFO  o.a.g.rest.auth.HashTokenSessionMap - Sessions will expire after 60 minutes of inactivity.
15:55:14.372 [localhost-startStop-1] INFO  org.apache.guacamole.log.LogModule - Loading logback configuration from "/etc/guacamole/logback.xml".
15:55:14.429 [localhost-startStop-1] DEBUG o.a.g.e.LanguageResourceService - Added language: "ko"
15:55:14.430 [localhost-startStop-1] DEBUG o.a.g.e.LanguageResourceService - Added language: "zh"
15:55:14.430 [localhost-startStop-1] DEBUG o.a.g.e.LanguageResourceService - Added language: "pt"
15:55:14.430 [localhost-startStop-1] DEBUG o.a.g.e.LanguageResourceService - Added language: "ru"
15:55:14.430 [localhost-startStop-1] DEBUG o.a.g.e.LanguageResourceService - Added language: "ja"
15:55:14.430 [localhost-startStop-1] DEBUG o.a.g.e.LanguageResourceService - Added language: "de"
15:55:14.430 [localhost-startStop-1] DEBUG o.a.g.e.LanguageResourceService - Added language: "es"
15:55:14.430 [localhost-startStop-1] DEBUG o.a.g.e.LanguageResourceService - Added language: "cs"
15:55:14.430 [localhost-startStop-1] DEBUG o.a.g.e.LanguageResourceService - Added language: "nl"
15:55:14.430 [localhost-startStop-1] DEBUG o.a.g.e.LanguageResourceService - Added language: "en"
15:55:14.430 [localhost-startStop-1] DEBUG o.a.g.e.LanguageResourceService - Added language: "fr"
15:55:14.430 [localhost-startStop-1] DEBUG o.a.g.e.LanguageResourceService - Added language: "ca"
15:55:14.430 [localhost-startStop-1] DEBUG o.a.g.e.LanguageResourceService - Added language: "no"
15:55:14.430 [localhost-startStop-1] DEBUG o.a.g.e.LanguageResourceService - Added language: "it"
15:55:14.431 [localhost-startStop-1] DEBUG o.a.g.extension.ExtensionModule - [0] Binding AuthenticationProvider "org.apache.guacamole.auth.file.FileAuthenticationProvider".
15:55:14.495 [localhost-startStop-1] INFO  o.a.g.t.w.WebSocketTunnelModule - Loading JSR-356 WebSocket support...
15:55:14.503 [localhost-startStop-1] DEBUG o.a.guacamole.tunnel.TunnelModule - WebSocket module loaded: org.apache.guacamole.tunnel.websocket.WebSocketTunnelModule
15:55:14.775 [localhost-startStop-1] WARN  o.g.jersey.server.wadl.WadlFeature - JAXBContext implementation could not be found. WADL feature is disabled.
15:55:21.076 [http-nio-8080-exec-7] DEBUG o.a.g.a.f.FileAuthenticationProvider - Reading user mapping file: "/etc/guacamole/user-mapping.xml"
15:55:21.079 [http-nio-8080-exec-7] DEBUG o.a.g.r.auth.AuthenticationService - Anonymous authentication attempt from 192.168.101.1 failed.
15:55:21.092 [http-nio-8080-exec-7] DEBUG o.a.g.rest.RESTExceptionMapper - Client request rejected: Permission Denied.
15:55:28.311 [http-nio-8080-exec-1] INFO  o.a.g.r.auth.AuthenticationService - User "tbarbay" successfully authenticated from 192.168.101.1.
15:55:28.317 [http-nio-8080-exec-1] DEBUG o.a.g.r.auth.AuthenticationService - Login was successful for user "tbarbay".
15:55:28.323 [http-nio-8080-exec-2] DEBUG o.a.g.rest.RESTExceptionMapper - Client request rejected: Permission Denied.
15:55:28.434 [http-nio-8080-exec-9] DEBUG o.a.g.net.InetGuacamoleSocket - Connecting to guacd at localhost:4822.
15:55:28.497 [http-nio-8080-exec-9] INFO  o.a.g.tunnel.TunnelRequestService - User "tbarbay" connected to connection "tbarbay Ubuntu SSH".
15:55:28.538 [http-nio-8080-exec-7] DEBUG o.a.g.rest.RESTExceptionMapper - Client request rejected: No readable active connection for tunnel.
15:55:51.549 [http-nio-8080-exec-3] INFO  o.a.g.tunnel.TunnelRequestService - User "tbarbay" disconnected from connection "tbarbay Ubuntu SSH". Duration: 23051 milliseconds
15:55:51.549 [http-nio-8080-exec-3] DEBUG o.a.g.net.InetGuacamoleSocket - Closing socket to guacd.
15:55:51.550 [Thread-2] DEBUG o.a.g.w.GuacamoleWebSocketTunnelEndpoint - Connection to guacd closed.
org.apache.guacamole.GuacamoleConnectionClosedException: Connection to guacd is closed.
	at org.apache.guacamole.io.ReaderGuacamoleReader.read(ReaderGuacamoleReader.java:183)
	at org.apache.guacamole.io.ReaderGuacamoleReader.readInstruction(ReaderGuacamoleReader.java:195)
	at org.apache.guacamole.protocol.FilteredGuacamoleReader.readInstruction(FilteredGuacamoleReader.java:80)
	at org.apache.guacamole.protocol.FilteredGuacamoleReader.readInstruction(FilteredGuacamoleReader.java:80)
	at org.apache.guacamole.protocol.FilteredGuacamoleReader.read(FilteredGuacamoleReader.java:63)
	at org.apache.guacamole.websocket.GuacamoleWebSocketTunnelEndpoint$2.run(GuacamoleWebSocketTunnelEndpoint.java:246)
Caused by: java.net.SocketException: Socket closed
	at java.base/sun.nio.ch.NioSocketImpl.endRead(NioSocketImpl.java:238)
	at java.base/sun.nio.ch.NioSocketImpl.implRead(NioSocketImpl.java:317)
	at java.base/sun.nio.ch.NioSocketImpl.read(NioSocketImpl.java:340)
	at java.base/sun.nio.ch.NioSocketImpl$1.read(NioSocketImpl.java:789)
	at java.base/java.net.Socket$SocketInputStream.read(Socket.java:1025)
	at java.base/sun.nio.cs.StreamDecoder.readBytes(StreamDecoder.java:333)
	at java.base/sun.nio.cs.StreamDecoder.implRead(StreamDecoder.java:376)
	at java.base/sun.nio.cs.StreamDecoder.lockedRead(StreamDecoder.java:219)
	at java.base/sun.nio.cs.StreamDecoder.read(StreamDecoder.java:173)
	at java.base/java.io.InputStreamReader.read(InputStreamReader.java:189)
	at org.apache.guacamole.io.ReaderGuacamoleReader.read(ReaderGuacamoleReader.java:169)
	... 5 common frames omitted
15:55:54.730 [http-nio-8080-exec-10] DEBUG o.a.g.resource.ResourceServlet - Resource not modified: "/app.css"
15:55:54.731 [http-nio-8080-exec-7] DEBUG o.a.g.resource.ResourceServlet - Resource not modified: "/app.js"
15:55:54.953 [http-nio-8080-exec-7] DEBUG o.a.g.net.InetGuacamoleSocket - Connecting to guacd at localhost:4822.
15:55:54.999 [http-nio-8080-exec-7] INFO  o.a.g.tunnel.TunnelRequestService - User "tbarbay" connected to connection "tbarbay Ubuntu SSH".
15:55:55.010 [http-nio-8080-exec-8] DEBUG o.a.g.rest.RESTExceptionMapper - Client request rejected: No readable active connection for tunnel.
15:56:11.557 [http-nio-8080-exec-8] DEBUG o.a.g.r.auth.AuthenticationService - Anonymous authentication attempt from 192.168.101.1 failed.
15:56:11.557 [http-nio-8080-exec-8] DEBUG o.a.g.rest.RESTExceptionMapper - Client request rejected: Permission Denied.
15:56:11.726 [http-nio-8080-exec-7] DEBUG o.a.g.resource.ResourceServlet - Resource not modified: "/app.css"
15:56:11.728 [http-nio-8080-exec-8] DEBUG o.a.g.resource.ResourceServlet - Resource not modified: "/app.js"
15:56:11.796 [http-nio-8080-exec-1] DEBUG o.a.g.r.auth.AuthenticationService - Anonymous authentication attempt from 192.168.101.1 failed.
15:56:11.796 [http-nio-8080-exec-1] DEBUG o.a.g.rest.RESTExceptionMapper - Client request rejected: Permission Denied.
15:56:14.305 [pool-1-thread-1] DEBUG o.a.g.rest.auth.HashTokenSessionMap - Checking for expired sessions...
15:56:14.305 [pool-1-thread-1] DEBUG o.a.g.rest.auth.HashTokenSessionMap - Session check completed in 0 ms.
15:57:14.304 [pool-1-thread-1] DEBUG o.a.g.rest.auth.HashTokenSessionMap - Checking for expired sessions...
15:57:14.305 [pool-1-thread-1] DEBUG o.a.g.rest.auth.HashTokenSessionMap - Session check completed in 1 ms.
15:58:14.305 [pool-1-thread-1] DEBUG o.a.g.rest.auth.HashTokenSessionMap - Checking for expired sessions...
15:58:14.305 [pool-1-thread-1] DEBUG o.a.g.rest.auth.HashTokenSessionMap - Session check completed in 0 ms.
15:59:14.305 [pool-1-thread-1] DEBUG o.a.g.rest.auth.HashTokenSessionMap - Checking for expired sessions...
15:59:14.305 [pool-1-thread-1] DEBUG o.a.g.rest.auth.HashTokenSessionMap - Session check completed in 0 ms.
16:00:14.305 [pool-1-thread-1] DEBUG o.a.g.rest.auth.HashTokenSessionMap - Checking for expired sessions...
16:00:14.305 [pool-1-thread-1] DEBUG o.a.g.rest.auth.HashTokenSessionMap - Session check completed in 0 ms.
16:01:04.007 [http-nio-8080-exec-5] INFO  o.a.g.r.auth.AuthenticationService - User "tbarbay" successfully authenticated from 192.168.101.1.
16:01:04.008 [http-nio-8080-exec-5] DEBUG o.a.g.r.auth.AuthenticationService - Login was successful for user "tbarbay".
16:01:04.060 [http-nio-8080-exec-3] DEBUG o.a.g.net.InetGuacamoleSocket - Connecting to guacd at localhost:4822.
16:01:04.110 [http-nio-8080-exec-3] INFO  o.a.g.tunnel.TunnelRequestService - User "tbarbay" connected to connection "tbarbay Ubuntu SSH".
16:01:04.116 [http-nio-8080-exec-8] DEBUG o.a.g.rest.RESTExceptionMapper - Client request rejected: No readable active connection for tunnel.
16:01:14.305 [pool-1-thread-1] DEBUG o.a.g.rest.auth.HashTokenSessionMap - Checking for expired sessions...
16:01:14.305 [pool-1-thread-1] DEBUG o.a.g.rest.auth.HashTokenSessionMap - Session check completed in 0 ms.
16:02:14.305 [pool-1-thread-1] DEBUG o.a.g.rest.auth.HashTokenSessionMap - Checking for expired sessions...
16:02:14.305 [pool-1-thread-1] DEBUG o.a.g.rest.auth.HashTokenSessionMap - Session check completed in 0 ms.
16:03:14.305 [pool-1-thread-1] DEBUG o.a.g.rest.auth.HashTokenSessionMap - Checking for expired sessions...
16:03:14.305 [pool-1-thread-1] DEBUG o.a.g.rest.auth.HashTokenSessionMap - Session check completed in 1 ms.
16:04:14.304 [pool-1-thread-1] DEBUG o.a.g.rest.auth.HashTokenSessionMap - Checking for expired sessions...
16:04:14.305 [pool-1-thread-1] DEBUG o.a.g.rest.auth.HashTokenSessionMap - Session check completed in 1 ms.
16:05:14.304 [pool-1-thread-1] DEBUG o.a.g.rest.auth.HashTokenSessionMap - Checking for expired sessions...
16:05:14.304 [pool-1-thread-1] DEBUG o.a.g.rest.auth.HashTokenSessionMap - Session check completed in 0 ms.
16:06:14.304 [pool-1-thread-1] DEBUG o.a.g.rest.auth.HashTokenSessionMap - Checking for expired sessions...
16:06:14.305 [pool-1-thread-1] DEBUG o.a.g.rest.auth.HashTokenSessionMap - Session check completed in 1 ms.
16:07:14.305 [pool-1-thread-1] DEBUG o.a.g.rest.auth.HashTokenSessionMap - Checking for expired sessions...
16:07:14.305 [pool-1-thread-1] DEBUG o.a.g.rest.auth.HashTokenSessionMap - Session check completed in 0 ms.
16:08:14.305 [pool-1-thread-1] DEBUG o.a.g.rest.auth.HashTokenSessionMap - Checking for expired sessions...
16:08:14.305 [pool-1-thread-1] DEBUG o.a.g.rest.auth.HashTokenSessionMap - Session check completed in 0 ms.
16:09:14.305 [pool-1-thread-1] DEBUG o.a.g.rest.auth.HashTokenSessionMap - Checking for expired sessions...
16:09:14.305 [pool-1-thread-1] DEBUG o.a.g.rest.auth.HashTokenSessionMap - Session check completed in 0 ms.
16:10:14.305 [pool-1-thread-1] DEBUG o.a.g.rest.auth.HashTokenSessionMap - Checking for expired sessions...
16:10:14.305 [pool-1-thread-1] DEBUG o.a.g.rest.auth.HashTokenSessionMap - Session check completed in 0 ms.
16:11:14.304 [pool-1-thread-1] DEBUG o.a.g.rest.auth.HashTokenSessionMap - Checking for expired sessions...
16:11:14.304 [pool-1-thread-1] DEBUG o.a.g.rest.auth.HashTokenSessionMap - Session check completed in 0 ms.
16:12:14.305 [pool-1-thread-1] DEBUG o.a.g.rest.auth.HashTokenSessionMap - Checking for expired sessions...
16:12:14.305 [pool-1-thread-1] DEBUG o.a.g.rest.auth.HashTokenSessionMap - Session check completed in 0 ms.
16:13:14.304 [pool-1-thread-1] DEBUG o.a.g.rest.auth.HashTokenSessionMap - Checking for expired sessions...
16:13:14.305 [pool-1-thread-1] DEBUG o.a.g.rest.auth.HashTokenSessionMap - Session check completed in 1 ms.
16:14:14.304 [pool-1-thread-1] DEBUG o.a.g.rest.auth.HashTokenSessionMap - Checking for expired sessions...
16:14:14.305 [pool-1-thread-1] DEBUG o.a.g.rest.auth.HashTokenSessionMap - Session check completed in 1 ms.
16:15:14.304 [pool-1-thread-1] DEBUG o.a.g.rest.auth.HashTokenSessionMap - Checking for expired sessions...
16:15:14.305 [pool-1-thread-1] DEBUG o.a.g.rest.auth.HashTokenSessionMap - Session check completed in 1 ms.
16:16:14.304 [pool-1-thread-1] DEBUG o.a.g.rest.auth.HashTokenSessionMap - Checking for expired sessions...
16:16:14.304 [pool-1-thread-1] DEBUG o.a.g.rest.auth.HashTokenSessionMap - Session check completed in 0 ms.
16:17:14.304 [pool-1-thread-1] DEBUG o.a.g.rest.auth.HashTokenSessionMap - Checking for expired sessions...
16:17:14.304 [pool-1-thread-1] DEBUG o.a.g.rest.auth.HashTokenSessionMap - Session check completed in 0 ms.
16:18:14.305 [pool-1-thread-1] DEBUG o.a.g.rest.auth.HashTokenSessionMap - Checking for expired sessions...
16:18:14.305 [pool-1-thread-1] DEBUG o.a.g.rest.auth.HashTokenSessionMap - Session check completed in 0 ms.
16:19:14.304 [pool-1-thread-1] DEBUG o.a.g.rest.auth.HashTokenSessionMap - Checking for expired sessions...
16:19:14.305 [pool-1-thread-1] DEBUG o.a.g.rest.auth.HashTokenSessionMap - Session check completed in 1 ms.
16:20:14.305 [pool-1-thread-1] DEBUG o.a.g.rest.auth.HashTokenSessionMap - Checking for expired sessions...
16:20:14.305 [pool-1-thread-1] DEBUG o.a.g.rest.auth.HashTokenSessionMap - Session check completed in 0 ms.
16:21:14.305 [pool-1-thread-1] DEBUG o.a.g.rest.auth.HashTokenSessionMap - Checking for expired sessions...
16:21:14.305 [pool-1-thread-1] DEBUG o.a.g.rest.auth.HashTokenSessionMap - Session check completed in 0 ms.
16:22:14.305 [pool-1-thread-1] DEBUG o.a.g.rest.auth.HashTokenSessionMap - Checking for expired sessions...
16:22:14.305 [pool-1-thread-1] DEBUG o.a.g.rest.auth.HashTokenSessionMap - Session check completed in 0 ms.
16:23:09.904 [http-nio-8080-exec-8] INFO  o.a.g.tunnel.TunnelRequestService - User "tbarbay" disconnected from connection "tbarbay Ubuntu SSH". Duration: 1325794 milliseconds
16:23:09.904 [http-nio-8080-exec-8] DEBUG o.a.g.net.InetGuacamoleSocket - Closing socket to guacd.
16:23:09.905 [Thread-6] DEBUG o.a.g.w.GuacamoleWebSocketTunnelEndpoint - Connection to guacd closed.
org.apache.guacamole.GuacamoleConnectionClosedException: Connection to guacd is closed.
	at org.apache.guacamole.io.ReaderGuacamoleReader.read(ReaderGuacamoleReader.java:183)
	at org.apache.guacamole.io.ReaderGuacamoleReader.readInstruction(ReaderGuacamoleReader.java:195)
	at org.apache.guacamole.protocol.FilteredGuacamoleReader.readInstruction(FilteredGuacamoleReader.java:80)
	at org.apache.guacamole.protocol.FilteredGuacamoleReader.readInstruction(FilteredGuacamoleReader.java:80)
	at org.apache.guacamole.protocol.FilteredGuacamoleReader.read(FilteredGuacamoleReader.java:63)
	at org.apache.guacamole.websocket.GuacamoleWebSocketTunnelEndpoint$2.run(GuacamoleWebSocketTunnelEndpoint.java:246)
Caused by: java.net.SocketException: Socket closed
	at java.base/sun.nio.ch.NioSocketImpl.endRead(NioSocketImpl.java:238)
	at java.base/sun.nio.ch.NioSocketImpl.implRead(NioSocketImpl.java:317)
	at java.base/sun.nio.ch.NioSocketImpl.read(NioSocketImpl.java:340)
	at java.base/sun.nio.ch.NioSocketImpl$1.read(NioSocketImpl.java:789)
	at java.base/java.net.Socket$SocketInputStream.read(Socket.java:1025)
	at java.base/sun.nio.cs.StreamDecoder.readBytes(StreamDecoder.java:333)
	at java.base/sun.nio.cs.StreamDecoder.implRead(StreamDecoder.java:376)
	at java.base/sun.nio.cs.StreamDecoder.lockedRead(StreamDecoder.java:219)
	at java.base/sun.nio.cs.StreamDecoder.read(StreamDecoder.java:173)
	at java.base/java.io.InputStreamReader.read(InputStreamReader.java:189)
	at org.apache.guacamole.io.ReaderGuacamoleReader.read(ReaderGuacamoleReader.java:169)
	... 5 common frames omitted
16:23:10.446 [http-nio-8080-exec-7] INFO  o.a.g.tunnel.TunnelRequestService - User "tbarbay" disconnected from connection "tbarbay Ubuntu SSH". Duration: 1635446 milliseconds
16:23:10.446 [http-nio-8080-exec-7] DEBUG o.a.g.net.InetGuacamoleSocket - Closing socket to guacd.
16:23:10.447 [Thread-4] DEBUG o.a.g.w.GuacamoleWebSocketTunnelEndpoint - Connection to guacd closed.
org.apache.guacamole.GuacamoleConnectionClosedException: Connection to guacd is closed.
	at org.apache.guacamole.io.ReaderGuacamoleReader.read(ReaderGuacamoleReader.java:183)
	at org.apache.guacamole.io.ReaderGuacamoleReader.readInstruction(ReaderGuacamoleReader.java:195)
	at org.apache.guacamole.protocol.FilteredGuacamoleReader.readInstruction(FilteredGuacamoleReader.java:80)
	at org.apache.guacamole.protocol.FilteredGuacamoleReader.readInstruction(FilteredGuacamoleReader.java:80)
	at org.apache.guacamole.protocol.FilteredGuacamoleReader.read(FilteredGuacamoleReader.java:63)
	at org.apache.guacamole.websocket.GuacamoleWebSocketTunnelEndpoint$2.run(GuacamoleWebSocketTunnelEndpoint.java:246)
Caused by: java.net.SocketException: Socket closed
	at java.base/sun.nio.ch.NioSocketImpl.endRead(NioSocketImpl.java:238)
	at java.base/sun.nio.ch.NioSocketImpl.implRead(NioSocketImpl.java:317)
	at java.base/sun.nio.ch.NioSocketImpl.read(NioSocketImpl.java:340)
	at java.base/sun.nio.ch.NioSocketImpl$1.read(NioSocketImpl.java:789)
	at java.base/java.net.Socket$SocketInputStream.read(Socket.java:1025)
	at java.base/sun.nio.cs.StreamDecoder.readBytes(StreamDecoder.java:333)
	at java.base/sun.nio.cs.StreamDecoder.implRead(StreamDecoder.java:376)
	at java.base/sun.nio.cs.StreamDecoder.lockedRead(StreamDecoder.java:219)
	at java.base/sun.nio.cs.StreamDecoder.read(StreamDecoder.java:173)
	at java.base/java.io.InputStreamReader.read(InputStreamReader.java:189)
	at org.apache.guacamole.io.ReaderGuacamoleReader.read(ReaderGuacamoleReader.java:169)
	... 5 common frames omitted
16:23:14.305 [pool-1-thread-1] DEBUG o.a.g.rest.auth.HashTokenSessionMap - Checking for expired sessions...
16:23:14.305 [pool-1-thread-1] DEBUG o.a.g.rest.auth.HashTokenSessionMap - Session check completed in 0 ms.
16:24:14.304 [pool-1-thread-1] DEBUG o.a.g.rest.auth.HashTokenSessionMap - Checking for expired sessions...
16:24:14.305 [pool-1-thread-1] DEBUG o.a.g.rest.auth.HashTokenSessionMap - Session check completed in 1 ms.
16:25:14.305 [pool-1-thread-1] DEBUG o.a.g.rest.auth.HashTokenSessionMap - Checking for expired sessions...
16:25:14.305 [pool-1-thread-1] DEBUG o.a.g.rest.auth.HashTokenSessionMap - Session check completed in 0 ms.
16:26:14.305 [pool-1-thread-1] DEBUG o.a.g.rest.auth.HashTokenSessionMap - Checking for expired sessions...
16:26:14.305 [pool-1-thread-1] DEBUG o.a.g.rest.auth.HashTokenSessionMap - Session check completed in 0 ms.
16:27:14.304 [pool-1-thread-1] DEBUG o.a.g.rest.auth.HashTokenSessionMap - Checking for expired sessions...
16:27:14.305 [pool-1-thread-1] DEBUG o.a.g.rest.auth.HashTokenSessionMap - Session check completed in 1 ms.
16:28:14.305 [pool-1-thread-1] DEBUG o.a.g.rest.auth.HashTokenSessionMap - Checking for expired sessions...
16:28:14.305 [pool-1-thread-1] DEBUG o.a.g.rest.auth.HashTokenSessionMap - Session check completed in 0 ms.
16:29:14.305 [pool-1-thread-1] DEBUG o.a.g.rest.auth.HashTokenSessionMap - Checking for expired sessions...
16:29:14.305 [pool-1-thread-1] DEBUG o.a.g.rest.auth.HashTokenSessionMap - Session check completed in 0 ms.
16:30:14.305 [pool-1-thread-1] DEBUG o.a.g.rest.auth.HashTokenSessionMap - Checking for expired sessions...
16:30:14.305 [pool-1-thread-1] DEBUG o.a.g.rest.auth.HashTokenSessionMap - Session check completed in 0 ms.
16:31:14.305 [pool-1-thread-1] DEBUG o.a.g.rest.auth.HashTokenSessionMap - Checking for expired sessions...
16:31:14.305 [pool-1-thread-1] DEBUG o.a.g.rest.auth.HashTokenSessionMap - Session check completed in 0 ms.
16:32:14.305 [pool-1-thread-1] DEBUG o.a.g.rest.auth.HashTokenSessionMap - Checking for expired sessions...
16:32:14.305 [pool-1-thread-1] DEBUG o.a.g.rest.auth.HashTokenSessionMap - Session check completed in 0 ms.
16:33:14.304 [pool-1-thread-1] DEBUG o.a.g.rest.auth.HashTokenSessionMap - Checking for expired sessions...
16:33:14.305 [pool-1-thread-1] DEBUG o.a.g.rest.auth.HashTokenSessionMap - Session check completed in 1 ms.
16:34:14.305 [pool-1-thread-1] DEBUG o.a.g.rest.auth.HashTokenSessionMap - Checking for expired sessions...
16:34:14.305 [pool-1-thread-1] DEBUG o.a.g.rest.auth.HashTokenSessionMap - Session check completed in 0 ms.
16:35:14.304 [pool-1-thread-1] DEBUG o.a.g.rest.auth.HashTokenSessionMap - Checking for expired sessions...
16:35:14.305 [pool-1-thread-1] DEBUG o.a.g.rest.auth.HashTokenSessionMap - Session check completed in 1 ms.
16:36:14.304 [pool-1-thread-1] DEBUG o.a.g.rest.auth.HashTokenSessionMap - Checking for expired sessions...
16:36:14.305 [pool-1-thread-1] DEBUG o.a.g.rest.auth.HashTokenSessionMap - Session check completed in 1 ms.
16:37:14.305 [pool-1-thread-1] DEBUG o.a.g.rest.auth.HashTokenSessionMap - Checking for expired sessions...
16:37:14.305 [pool-1-thread-1] DEBUG o.a.g.rest.auth.HashTokenSessionMap - Session check completed in 0 ms.
16:38:14.305 [pool-1-thread-1] DEBUG o.a.g.rest.auth.HashTokenSessionMap - Checking for expired sessions...
16:38:14.305 [pool-1-thread-1] DEBUG o.a.g.rest.auth.HashTokenSessionMap - Session check completed in 0 ms.
16:39:14.304 [pool-1-thread-1] DEBUG o.a.g.rest.auth.HashTokenSessionMap - Checking for expired sessions...
16:39:14.304 [pool-1-thread-1] DEBUG o.a.g.rest.auth.HashTokenSessionMap - Session check completed in 0 ms.
16:40:14.304 [pool-1-thread-1] DEBUG o.a.g.rest.auth.HashTokenSessionMap - Checking for expired sessions...
16:40:14.304 [pool-1-thread-1] DEBUG o.a.g.rest.auth.HashTokenSessionMap - Session check completed in 0 ms.
16:41:14.305 [pool-1-thread-1] DEBUG o.a.g.rest.auth.HashTokenSessionMap - Checking for expired sessions...
16:41:14.305 [pool-1-thread-1] DEBUG o.a.g.rest.auth.HashTokenSessionMap - Session check completed in 0 ms.
16:42:14.304 [pool-1-thread-1] DEBUG o.a.g.rest.auth.HashTokenSessionMap - Checking for expired sessions...
16:42:14.304 [pool-1-thread-1] DEBUG o.a.g.rest.auth.HashTokenSessionMap - Session check completed in 0 ms.
16:43:14.305 [pool-1-thread-1] DEBUG o.a.g.rest.auth.HashTokenSessionMap - Checking for expired sessions...
16:43:14.305 [pool-1-thread-1] DEBUG o.a.g.rest.auth.HashTokenSessionMap - Session check completed in 1 ms.
16:44:14.305 [pool-1-thread-1] DEBUG o.a.g.rest.auth.HashTokenSessionMap - Checking for expired sessions...
16:44:14.305 [pool-1-thread-1] DEBUG o.a.g.rest.auth.HashTokenSessionMap - Session check completed in 0 ms.
16:45:14.304 [pool-1-thread-1] DEBUG o.a.g.rest.auth.HashTokenSessionMap - Checking for expired sessions...
16:45:14.305 [pool-1-thread-1] DEBUG o.a.g.rest.auth.HashTokenSessionMap - Session check completed in 1 ms.
16:46:14.304 [pool-1-thread-1] DEBUG o.a.g.rest.auth.HashTokenSessionMap - Checking for expired sessions...
16:46:14.304 [pool-1-thread-1] DEBUG o.a.g.rest.auth.HashTokenSessionMap - Session check completed in 0 ms.
16:47:14.305 [pool-1-thread-1] DEBUG o.a.g.rest.auth.HashTokenSessionMap - Checking for expired sessions...
16:47:14.305 [pool-1-thread-1] DEBUG o.a.g.rest.auth.HashTokenSessionMap - Session check completed in 0 ms.
16:48:14.304 [pool-1-thread-1] DEBUG o.a.g.rest.auth.HashTokenSessionMap - Checking for expired sessions...
16:48:14.305 [pool-1-thread-1] DEBUG o.a.g.rest.auth.HashTokenSessionMap - Session check completed in 1 ms.
16:49:14.304 [pool-1-thread-1] DEBUG o.a.g.rest.auth.HashTokenSessionMap - Checking for expired sessions...
16:49:14.305 [pool-1-thread-1] DEBUG o.a.g.rest.auth.HashTokenSessionMap - Session check completed in 1 ms.
16:50:14.305 [pool-1-thread-1] DEBUG o.a.g.rest.auth.HashTokenSessionMap - Checking for expired sessions...
16:50:14.305 [pool-1-thread-1] DEBUG o.a.g.rest.auth.HashTokenSessionMap - Session check completed in 0 ms.
16:51:14.304 [pool-1-thread-1] DEBUG o.a.g.rest.auth.HashTokenSessionMap - Checking for expired sessions...
16:51:14.305 [pool-1-thread-1] DEBUG o.a.g.rest.auth.HashTokenSessionMap - Session check completed in 1 ms.
16:52:14.304 [pool-1-thread-1] DEBUG o.a.g.rest.auth.HashTokenSessionMap - Checking for expired sessions...
16:52:14.304 [pool-1-thread-1] DEBUG o.a.g.rest.auth.HashTokenSessionMap - Session check completed in 0 ms.
16:53:14.304 [pool-1-thread-1] DEBUG o.a.g.rest.auth.HashTokenSessionMap - Checking for expired sessions...
16:53:14.304 [pool-1-thread-1] DEBUG o.a.g.rest.auth.HashTokenSessionMap - Session check completed in 0 ms.
16:54:14.304 [pool-1-thread-1] DEBUG o.a.g.rest.auth.HashTokenSessionMap - Checking for expired sessions...
16:54:14.305 [pool-1-thread-1] DEBUG o.a.g.rest.auth.HashTokenSessionMap - Session check completed in 1 ms.
16:55:14.304 [pool-1-thread-1] DEBUG o.a.g.rest.auth.HashTokenSessionMap - Checking for expired sessions...
16:55:14.305 [pool-1-thread-1] DEBUG o.a.g.rest.auth.HashTokenSessionMap - Session check completed in 1 ms.
16:56:14.304 [pool-1-thread-1] DEBUG o.a.g.rest.auth.HashTokenSessionMap - Checking for expired sessions...
16:56:14.304 [pool-1-thread-1] DEBUG o.a.g.rest.auth.HashTokenSessionMap - Session check completed in 0 ms.
16:57:14.304 [pool-1-thread-1] DEBUG o.a.g.rest.auth.HashTokenSessionMap - Checking for expired sessions...
16:57:14.304 [pool-1-thread-1] DEBUG o.a.g.rest.auth.HashTokenSessionMap - Session check completed in 0 ms.
16:58:14.304 [pool-1-thread-1] DEBUG o.a.g.rest.auth.HashTokenSessionMap - Checking for expired sessions...
16:58:14.304 [pool-1-thread-1] DEBUG o.a.g.rest.auth.HashTokenSessionMap - Session check completed in 0 ms.
16:59:14.305 [pool-1-thread-1] DEBUG o.a.g.rest.auth.HashTokenSessionMap - Checking for expired sessions...
16:59:14.305 [pool-1-thread-1] DEBUG o.a.g.rest.auth.HashTokenSessionMap - Session check completed in 0 ms.
17:00:14.305 [pool-1-thread-1] DEBUG o.a.g.rest.auth.HashTokenSessionMap - Checking for expired sessions...
17:00:14.305 [pool-1-thread-1] DEBUG o.a.g.rest.auth.HashTokenSessionMap - Session check completed in 0 ms.
17:01:14.305 [pool-1-thread-1] DEBUG o.a.g.rest.auth.HashTokenSessionMap - Checking for expired sessions...
17:01:14.305 [pool-1-thread-1] DEBUG o.a.g.rest.auth.HashTokenSessionMap - Session "326495081094EF77587BD3FD757516A2C0D82E5831EF6AC27FF7AD0067C5986A" has timed out.
17:01:14.305 [pool-1-thread-1] DEBUG o.a.g.rest.auth.HashTokenSessionMap - Session check completed in 0 ms.
17:02:14.305 [pool-1-thread-1] DEBUG o.a.g.rest.auth.HashTokenSessionMap - Checking for expired sessions...
17:02:14.305 [pool-1-thread-1] DEBUG o.a.g.rest.auth.HashTokenSessionMap - Session check completed in 0 ms.
17:03:14.304 [pool-1-thread-1] DEBUG o.a.g.rest.auth.HashTokenSessionMap - Checking for expired sessions...
17:03:14.305 [pool-1-thread-1] DEBUG o.a.g.rest.auth.HashTokenSessionMap - Session check completed in 1 ms.
17:04:14.304 [pool-1-thread-1] DEBUG o.a.g.rest.auth.HashTokenSessionMap - Checking for expired sessions...
17:04:14.305 [pool-1-thread-1] DEBUG o.a.g.rest.auth.HashTokenSessionMap - Session check completed in 1 ms.
17:05:14.305 [pool-1-thread-1] DEBUG o.a.g.rest.auth.HashTokenSessionMap - Checking for expired sessions...
17:05:14.305 [pool-1-thread-1] DEBUG o.a.g.rest.auth.HashTokenSessionMap - Session check completed in 0 ms.
17:06:14.305 [pool-1-thread-1] DEBUG o.a.g.rest.auth.HashTokenSessionMap - Checking for expired sessions...
17:06:14.305 [pool-1-thread-1] DEBUG o.a.g.rest.auth.HashTokenSessionMap - Session check completed in 0 ms.
17:07:14.304 [pool-1-thread-1] DEBUG o.a.g.rest.auth.HashTokenSessionMap - Checking for expired sessions...
17:07:14.304 [pool-1-thread-1] DEBUG o.a.g.rest.auth.HashTokenSessionMap - Session check completed in 0 ms.
17:08:14.305 [pool-1-thread-1] DEBUG o.a.g.rest.auth.HashTokenSessionMap - Checking for expired sessions...
17:08:14.305 [pool-1-thread-1] DEBUG o.a.g.rest.auth.HashTokenSessionMap - Session check completed in 0 ms.
17:09:14.305 [pool-1-thread-1] DEBUG o.a.g.rest.auth.HashTokenSessionMap - Checking for expired sessions...
17:09:14.305 [pool-1-thread-1] DEBUG o.a.g.rest.auth.HashTokenSessionMap - Session check completed in 0 ms.
17:10:14.305 [pool-1-thread-1] DEBUG o.a.g.rest.auth.HashTokenSessionMap - Checking for expired sessions...
17:10:14.305 [pool-1-thread-1] DEBUG o.a.g.rest.auth.HashTokenSessionMap - Session check completed in 0 ms.
17:11:14.304 [pool-1-thread-1] DEBUG o.a.g.rest.auth.HashTokenSessionMap - Checking for expired sessions...
17:11:14.304 [pool-1-thread-1] DEBUG o.a.g.rest.auth.HashTokenSessionMap - Session check completed in 0 ms.
17:12:14.305 [pool-1-thread-1] DEBUG o.a.g.rest.auth.HashTokenSessionMap - Checking for expired sessions...
17:12:14.305 [pool-1-thread-1] DEBUG o.a.g.rest.auth.HashTokenSessionMap - Session check completed in 0 ms.
17:13:14.305 [pool-1-thread-1] DEBUG o.a.g.rest.auth.HashTokenSessionMap - Checking for expired sessions...
17:13:14.305 [pool-1-thread-1] DEBUG o.a.g.rest.auth.HashTokenSessionMap - Session check completed in 0 ms.
NOTE: Picked up JDK_JAVA_OPTIONS:  --add-opens=java.base/java.lang=ALL-UNNAMED --add-opens=java.base/java.io=ALL-UNNAMED --add-opens=java.base/java.util=ALL-UNNAMED --add-opens=java.base/java.util.concurrent=ALL-UNNAMED --add-opens=java.rmi/sun.rmi.transport=ALL-UNNAMED
07:44:36.678 [localhost-startStop-1] INFO  o.a.g.environment.LocalEnvironment - GUACAMOLE_HOME is "/etc/guacamole".
07:44:36.725 [localhost-startStop-1] INFO  o.a.g.GuacamoleServletContextListener - Read configuration parameters from "/etc/guacamole/guacamole.properties".
07:44:36.726 [localhost-startStop-1] INFO  o.a.g.rest.auth.HashTokenSessionMap - Sessions will expire after 60 minutes of inactivity.
07:44:36.795 [localhost-startStop-1] INFO  org.apache.guacamole.log.LogModule - Loading logback configuration from "/etc/guacamole/logback.xml".
07:44:36.856 [localhost-startStop-1] DEBUG o.a.g.e.LanguageResourceService - Added language: "ko"
07:44:36.856 [localhost-startStop-1] DEBUG o.a.g.e.LanguageResourceService - Added language: "zh"
07:44:36.856 [localhost-startStop-1] DEBUG o.a.g.e.LanguageResourceService - Added language: "pt"
07:44:36.856 [localhost-startStop-1] DEBUG o.a.g.e.LanguageResourceService - Added language: "ru"
07:44:36.856 [localhost-startStop-1] DEBUG o.a.g.e.LanguageResourceService - Added language: "ja"
07:44:36.856 [localhost-startStop-1] DEBUG o.a.g.e.LanguageResourceService - Added language: "de"
07:44:36.856 [localhost-startStop-1] DEBUG o.a.g.e.LanguageResourceService - Added language: "es"
07:44:36.856 [localhost-startStop-1] DEBUG o.a.g.e.LanguageResourceService - Added language: "cs"
07:44:36.856 [localhost-startStop-1] DEBUG o.a.g.e.LanguageResourceService - Added language: "nl"
07:44:36.856 [localhost-startStop-1] DEBUG o.a.g.e.LanguageResourceService - Added language: "en"
07:44:36.856 [localhost-startStop-1] DEBUG o.a.g.e.LanguageResourceService - Added language: "fr"
07:44:36.856 [localhost-startStop-1] DEBUG o.a.g.e.LanguageResourceService - Added language: "ca"
07:44:36.856 [localhost-startStop-1] DEBUG o.a.g.e.LanguageResourceService - Added language: "no"
07:44:36.856 [localhost-startStop-1] DEBUG o.a.g.e.LanguageResourceService - Added language: "it"
07:44:36.857 [localhost-startStop-1] DEBUG o.a.g.extension.ExtensionModule - [0] Binding AuthenticationProvider "org.apache.guacamole.auth.file.FileAuthenticationProvider".
07:44:36.935 [localhost-startStop-1] INFO  o.a.g.t.w.WebSocketTunnelModule - Loading JSR-356 WebSocket support...
07:44:36.947 [localhost-startStop-1] DEBUG o.a.guacamole.tunnel.TunnelModule - WebSocket module loaded: org.apache.guacamole.tunnel.websocket.WebSocketTunnelModule
07:44:37.260 [localhost-startStop-1] WARN  o.g.jersey.server.wadl.WadlFeature - JAXBContext implementation could not be found. WADL feature is disabled.
07:44:42.291 [http-nio-8080-exec-1] DEBUG o.a.g.a.f.FileAuthenticationProvider - Reading user mapping file: "/etc/guacamole/user-mapping.xml"
07:44:42.304 [http-nio-8080-exec-1] DEBUG o.a.g.r.auth.AuthenticationService - Anonymous authentication attempt from 192.168.101.1 failed.
07:44:42.306 [http-nio-8080-exec-1] DEBUG o.a.g.rest.RESTExceptionMapper - Client request rejected: Permission Denied.
07:45:36.727 [pool-1-thread-1] DEBUG o.a.g.rest.auth.HashTokenSessionMap - Checking for expired sessions...
07:45:36.727 [pool-1-thread-1] DEBUG o.a.g.rest.auth.HashTokenSessionMap - Session check completed in 0 ms.
07:46:36.727 [pool-1-thread-1] DEBUG o.a.g.rest.auth.HashTokenSessionMap - Checking for expired sessions...
07:46:36.727 [pool-1-thread-1] DEBUG o.a.g.rest.auth.HashTokenSessionMap - Session check completed in 0 ms.
07:47:36.727 [pool-1-thread-1] DEBUG o.a.g.rest.auth.HashTokenSessionMap - Checking for expired sessions...
07:47:36.728 [pool-1-thread-1] DEBUG o.a.g.rest.auth.HashTokenSessionMap - Session check completed in 1 ms.
07:48:36.727 [pool-1-thread-1] DEBUG o.a.g.rest.auth.HashTokenSessionMap - Checking for expired sessions...
07:48:36.727 [pool-1-thread-1] DEBUG o.a.g.rest.auth.HashTokenSessionMap - Session check completed in 0 ms.
07:49:36.727 [pool-1-thread-1] DEBUG o.a.g.rest.auth.HashTokenSessionMap - Checking for expired sessions...
07:49:36.727 [pool-1-thread-1] DEBUG o.a.g.rest.auth.HashTokenSessionMap - Session check completed in 0 ms.
07:50:36.727 [pool-1-thread-1] DEBUG o.a.g.rest.auth.HashTokenSessionMap - Checking for expired sessions...
07:50:36.727 [pool-1-thread-1] DEBUG o.a.g.rest.auth.HashTokenSessionMap - Session check completed in 0 ms.
07:51:36.727 [pool-1-thread-1] DEBUG o.a.g.rest.auth.HashTokenSessionMap - Checking for expired sessions...
07:51:36.728 [pool-1-thread-1] DEBUG o.a.g.rest.auth.HashTokenSessionMap - Session check completed in 1 ms.
07:52:36.727 [pool-1-thread-1] DEBUG o.a.g.rest.auth.HashTokenSessionMap - Checking for expired sessions...
07:52:36.728 [pool-1-thread-1] DEBUG o.a.g.rest.auth.HashTokenSessionMap - Session check completed in 1 ms.
07:53:36.727 [pool-1-thread-1] DEBUG o.a.g.rest.auth.HashTokenSessionMap - Checking for expired sessions...
07:53:36.727 [pool-1-thread-1] DEBUG o.a.g.rest.auth.HashTokenSessionMap - Session check completed in 0 ms.
