[12/07/2023 14:43:55] admin submitted b'dsds' on 11 with kpm 0 [WRONG]
[12/07/2023 14:45:30] admin submitted b'sd' on 11 with kpm 0 [WRONG]
[12/07/2023 14:45:56] admin submitted b'02:42:ac:12:00:02' on 11 with kpm 1 [WRONG]
[12/07/2023 14:46:04] admin submitted b'02:42:ac:12:00:02' on 11 with kpm 2 [WRONG]
[12/07/2023 14:46:56] admin submitted b'dssd' on 11 with kpm 2 [WRONG]
[12/07/2023 14:47:03] admin submitted b'02:42:ac:12:00:02' on 11 with kpm 2 [WRONG]
[12/07/2023 14:47:05] admin submitted b'02:42:ac:12:00:02' on 11 with kpm 2 [WRONG]
[12/07/2023 14:47:09] admin submitted b'02:42:ac:12:00:02' on 11 with kpm 3 [WRONG]
[12/07/2023 14:49:57] admin submitted b'02:42:ac:12:00:02' on 11 with kpm 0 [WRONG]
[12/07/2023 15:00:27] admin submitted b'02:42:ac:12:00:02' on 11 with kpm 0 [WRONG]
[12/07/2023 15:02:24] admin submitted b'02:42:ac:12:00:02' on 11 with kpm 0 [CORRECT]
[12/08/2023 13:58:38] barlox submitted b'1263164400' on 4 with kpm 0 [CORRECT]
[12/08/2023 13:58:45] barlox submitted b'A commitment to innovation and sustainability' on 5 with kpm 0 [CORRECT]
[12/11/2023 08:35:54] barlox submitted b'1263164400' on 4 with kpm 0 [CORRECT]
[12/11/2023 08:43:29] barlox submitted b'A commitment to innovation and sustainability' on 5 with kpm 0 [CORRECT]
[12/11/2023 08:59:44] barlox submitted b'python-selinux' on 6 with kpm 0 [CORRECT]
[12/11/2023 10:12:13] barlox submitted b'1263164400' on 4 with kpm 0 [CORRECT]
[12/11/2023 10:25:37] barlox submitted b'1263164400' on 4 with kpm 0 [CORRECT]
[12/11/2023 10:38:41] barlox submitted b'A commitment to innovation and sustainability' on 5 with kpm 0 [CORRECT]
[12/11/2023 10:41:04] barlox submitted b'python-selinux' on 6 with kpm 0 [CORRECT]
[12/11/2023 10:43:04] barlox submitted b'xHPPpPpf4H*MfL$nzD' on 7 with kpm 0 [CORRECT]
[12/11/2023 10:51:12] barlox submitted b'c27299f39350' on 9 with kpm 0 [CORRECT]
[12/11/2023 10:51:26] barlox submitted b'x-easter-egg-haproxy' on 10 with kpm 0 [CORRECT]
[12/11/2023 10:56:17] barlox submitted b'x-server' on 13 with kpm 0 [CORRECT]
